This file contains any messages produced by compilers while
running configure, to aid debugging if configure makes a mistake.

It was created by json-c configure 0.9, which was
generated by GNU Autoconf 2.69.  Invocation command line was

  $ ./configure --prefix=/usr/local/test_clibrary --disable-static

## --------- ##
## Platform. ##
## --------- ##

hostname = bogon
uname -m = x86_64
uname -r = 3.10.0
uname -s = Linux
uname -v = #1 SMP Wed Sep 11 03:08:25 GMT 2019

/usr/bin/uname -p = x86_64
/bin/uname -X     = unknown

/bin/arch              = x86_64
/usr/bin/arch -k       = unknown
/usr/convex/getsysinfo = unknown
/usr/bin/hostinfo      = unknown
/bin/machine           = unknown
/usr/bin/oslevel       = unknown
/bin/universe          = unknown

PATH: /usr/local/sbin
PATH: /usr/local/bin
PATH: /usr/sbin
PATH: /usr/bin
PATH: /usr/local/go/bin
PATH: /root/bin


## ----------- ##
## Core tests. ##
## ----------- ##

configure:2304: checking for a BSD-compatible install
configure:2372: result: /usr/bin/install -c
configure:2383: checking whether build environment is sane
configure:2438: result: yes
configure:2476: WARNING: 'missing' script is too old or missing
configure:2589: checking for a thread-safe mkdir -p
configure:2628: result: /usr/bin/mkdir -p
configure:2635: checking for gawk
configure:2651: found /usr/bin/gawk
configure:2662: result: gawk
configure:2673: checking whether make sets $(MAKE)
configure:2695: result: yes
configure:2724: checking whether make supports nested variables
configure:2741: result: yes
configure:2846: checking for style of include used by make
configure:2874: result: GNU
configure:2945: checking for gcc
configure:2961: found /usr/bin/gcc
configure:2972: result: gcc
configure:3201: checking for C compiler version
configure:3210: gcc --version >&5
gcc (GCC) 4.8.5 20150623 (Red Hat 4.8.5-28)
Copyright (C) 2015 Free Software Foundation, Inc.
This is free software; see the source for copying conditions.  There is NO
warranty; not even for MERCHANTABILITY or FITNESS FOR A PARTICULAR PURPOSE.

configure:3221: $? = 0
configure:3210: gcc -v >&5
Using built-in specs.
COLLECT_GCC=gcc
COLLECT_LTO_WRAPPER=/usr/libexec/gcc/x86_64-redhat-linux/4.8.5/lto-wrapper
Target: x86_64-redhat-linux
Configured with: ../configure --prefix=/usr --mandir=/usr/share/man --infodir=/usr/share/info --with-bugurl=http://bugzilla.redhat.com/bugzilla --enable-bootstrap --enable-shared --enable-threads=posix --enable-checking=release --with-system-zlib --enable-__cxa_atexit --disable-libunwind-exceptions --enable-gnu-unique-object --enable-linker-build-id --with-linker-hash-style=gnu --enable-languages=c,c++,objc,obj-c++,java,fortran,ada,go,lto --enable-plugin --enable-initfini-array --disable-libgcj --with-isl=/builddir/build/BUILD/gcc-4.8.5-20150702/obj-x86_64-redhat-linux/isl-install --with-cloog=/builddir/build/BUILD/gcc-4.8.5-20150702/obj-x86_64-redhat-linux/cloog-install --enable-gnu-indirect-function --with-tune=generic --with-arch_32=x86-64 --build=x86_64-redhat-linux
Thread model: posix
gcc version 4.8.5 20150623 (Red Hat 4.8.5-28) (GCC) 
configure:3221: $? = 0
configure:3210: gcc -V >&5
gcc: error: unrecognized command line option '-V'
gcc: fatal error: no input files
compilation terminated.
configure:3221: $? = 4
configure:3210: gcc -qversion >&5
gcc: error: unrecognized command line option '-qversion'
gcc: fatal error: no input files
compilation terminated.
configure:3221: $? = 4
configure:3241: checking whether the C compiler works
configure:3263: gcc    conftest.c  >&5
configure:3267: $? = 0
configure:3315: result: yes
configure:3318: checking for C compiler default output file name
configure:3320: result: a.out
configure:3326: checking for suffix of executables
configure:3333: gcc -o conftest    conftest.c  >&5
configure:3337: $? = 0
configure:3359: result: 
configure:3381: checking whether we are cross compiling
configure:3389: gcc -o conftest    conftest.c  >&5
configure:3393: $? = 0
configure:3400: ./conftest
configure:3404: $? = 0
configure:3419: result: no
configure:3424: checking for suffix of object files
configure:3446: gcc -c   conftest.c >&5
configure:3450: $? = 0
configure:3471: result: o
configure:3475: checking whether we are using the GNU C compiler
configure:3494: gcc -c   conftest.c >&5
configure:3494: $? = 0
configure:3503: result: yes
configure:3512: checking whether gcc accepts -g
configure:3532: gcc -c -g  conftest.c >&5
configure:3532: $? = 0
configure:3573: result: yes
configure:3590: checking for gcc option to accept ISO C89
configure:3653: gcc  -c -g -O2  conftest.c >&5
configure:3653: $? = 0
configure:3666: result: none needed
configure:3688: checking dependency style of gcc
configure:3799: result: gcc3
configure:3820: checking how to run the C preprocessor
configure:3851: gcc -E  conftest.c
configure:3851: $? = 0
configure:3865: gcc -E  conftest.c
conftest.c:11:28: fatal error: ac_nonexistent.h: No such file or directory
 #include <ac_nonexistent.h>
                            ^
compilation terminated.
configure:3865: $? = 1
configure: failed program was:
| /* confdefs.h */
| #define PACKAGE_NAME "json-c"
| #define PACKAGE_TARNAME "json-c"
| #define PACKAGE_VERSION "0.9"
| #define PACKAGE_STRING "json-c 0.9"
| #define PACKAGE_BUGREPORT "michael@metaparadigm.com"
| #define PACKAGE_URL ""
| #define PACKAGE "json-c"
| #define VERSION "0.9"
| /* end confdefs.h.  */
| #include <ac_nonexistent.h>
configure:3890: result: gcc -E
configure:3910: gcc -E  conftest.c
configure:3910: $? = 0
configure:3924: gcc -E  conftest.c
conftest.c:11:28: fatal error: ac_nonexistent.h: No such file or directory
 #include <ac_nonexistent.h>
                            ^
compilation terminated.
configure:3924: $? = 1
configure: failed program was:
| /* confdefs.h */
| #define PACKAGE_NAME "json-c"
| #define PACKAGE_TARNAME "json-c"
| #define PACKAGE_VERSION "0.9"
| #define PACKAGE_STRING "json-c 0.9"
| #define PACKAGE_BUGREPORT "michael@metaparadigm.com"
| #define PACKAGE_URL ""
| #define PACKAGE "json-c"
| #define VERSION "0.9"
| /* end confdefs.h.  */
| #include <ac_nonexistent.h>
configure:3953: checking for grep that handles long lines and -e
configure:4011: result: /usr/bin/grep
configure:4016: checking for egrep
configure:4078: result: /usr/bin/grep -E
configure:4083: checking for ANSI C header files
configure:4103: gcc -c -g -O2  conftest.c >&5
configure:4103: $? = 0
configure:4176: gcc -o conftest -g -O2   conftest.c  >&5
configure:4176: $? = 0
configure:4176: ./conftest
configure:4176: $? = 0
configure:4187: result: yes
configure:4200: checking for sys/types.h
configure:4200: gcc -c -g -O2  conftest.c >&5
configure:4200: $? = 0
configure:4200: result: yes
configure:4200: checking for sys/stat.h
configure:4200: gcc -c -g -O2  conftest.c >&5
configure:4200: $? = 0
configure:4200: result: yes
configure:4200: checking for stdlib.h
configure:4200: gcc -c -g -O2  conftest.c >&5
configure:4200: $? = 0
configure:4200: result: yes
configure:4200: checking for string.h
configure:4200: gcc -c -g -O2  conftest.c >&5
configure:4200: $? = 0
configure:4200: result: yes
configure:4200: checking for memory.h
configure:4200: gcc -c -g -O2  conftest.c >&5
configure:4200: $? = 0
configure:4200: result: yes
configure:4200: checking for strings.h
configure:4200: gcc -c -g -O2  conftest.c >&5
configure:4200: $? = 0
configure:4200: result: yes
configure:4200: checking for inttypes.h
configure:4200: gcc -c -g -O2  conftest.c >&5
configure:4200: $? = 0
configure:4200: result: yes
configure:4200: checking for stdint.h
configure:4200: gcc -c -g -O2  conftest.c >&5
configure:4200: $? = 0
configure:4200: result: yes
configure:4200: checking for unistd.h
configure:4200: gcc -c -g -O2  conftest.c >&5
configure:4200: $? = 0
configure:4200: result: yes
configure:4215: checking fcntl.h usability
configure:4215: gcc -c -g -O2  conftest.c >&5
configure:4215: $? = 0
configure:4215: result: yes
configure:4215: checking fcntl.h presence
configure:4215: gcc -E  conftest.c
configure:4215: $? = 0
configure:4215: result: yes
configure:4215: checking for fcntl.h
configure:4215: result: yes
configure:4215: checking limits.h usability
configure:4215: gcc -c -g -O2  conftest.c >&5
configure:4215: $? = 0
configure:4215: result: yes
configure:4215: checking limits.h presence
configure:4215: gcc -E  conftest.c
configure:4215: $? = 0
configure:4215: result: yes
configure:4215: checking for limits.h
configure:4215: result: yes
configure:4215: checking for strings.h
configure:4215: result: yes
configure:4215: checking syslog.h usability
configure:4215: gcc -c -g -O2  conftest.c >&5
configure:4215: $? = 0
configure:4215: result: yes
configure:4215: checking syslog.h presence
configure:4215: gcc -E  conftest.c
configure:4215: $? = 0
configure:4215: result: yes
configure:4215: checking for syslog.h
configure:4215: result: yes
configure:4215: checking for unistd.h
configure:4215: result: yes
configure:4215: checking sys/param.h usability
configure:4215: gcc -c -g -O2  conftest.c >&5
configure:4215: $? = 0
configure:4215: result: yes
configure:4215: checking sys/param.h presence
configure:4215: gcc -E  conftest.c
configure:4215: $? = 0
configure:4215: result: yes
configure:4215: checking for sys/param.h
configure:4215: result: yes
configure:4215: checking stdarg.h usability
configure:4215: gcc -c -g -O2  conftest.c >&5
configure:4215: $? = 0
configure:4215: result: yes
configure:4215: checking stdarg.h presence
configure:4215: gcc -E  conftest.c
configure:4215: $? = 0
configure:4215: result: yes
configure:4215: checking for stdarg.h
configure:4215: result: yes
configure:4227: checking for an ANSI C-conforming const
configure:4293: gcc -c -g -O2  conftest.c >&5
configure:4293: $? = 0
configure:4300: result: yes
configure:4308: checking for size_t
configure:4308: gcc -c -g -O2  conftest.c >&5
configure:4308: $? = 0
configure:4308: gcc -c -g -O2  conftest.c >&5
conftest.c: In function 'main':
conftest.c:64:21: error: expected expression before ')' token
 if (sizeof ((size_t)))
                     ^
configure:4308: $? = 1
configure: failed program was:
| /* confdefs.h */
| #define PACKAGE_NAME "json-c"
| #define PACKAGE_TARNAME "json-c"
| #define PACKAGE_VERSION "0.9"
| #define PACKAGE_STRING "json-c 0.9"
| #define PACKAGE_BUGREPORT "michael@metaparadigm.com"
| #define PACKAGE_URL ""
| #define PACKAGE "json-c"
| #define VERSION "0.9"
| #define STDC_HEADERS 1
| #define HAVE_SYS_TYPES_H 1
| #define HAVE_SYS_STAT_H 1
| #define HAVE_STDLIB_H 1
| #define HAVE_STRING_H 1
| #define HAVE_MEMORY_H 1
| #define HAVE_STRINGS_H 1
| #define HAVE_INTTYPES_H 1
| #define HAVE_STDINT_H 1
| #define HAVE_UNISTD_H 1
| #define HAVE_FCNTL_H 1
| #define HAVE_LIMITS_H 1
| #define HAVE_STRINGS_H 1
| #define HAVE_SYSLOG_H 1
| #define HAVE_UNISTD_H 1
| #define HAVE_SYS_PARAM_H 1
| #define HAVE_STDARG_H 1
| /* end confdefs.h.  */
| #include <stdio.h>
| #ifdef HAVE_SYS_TYPES_H
| # include <sys/types.h>
| #endif
| #ifdef HAVE_SYS_STAT_H
| # include <sys/stat.h>
| #endif
| #ifdef STDC_HEADERS
| # include <stdlib.h>
| # include <stddef.h>
| #else
| # ifdef HAVE_STDLIB_H
| #  include <stdlib.h>
| # endif
| #endif
| #ifdef HAVE_STRING_H
| # if !defined STDC_HEADERS && defined HAVE_MEMORY_H
| #  include <memory.h>
| # endif
| # include <string.h>
| #endif
| #ifdef HAVE_STRINGS_H
| # include <strings.h>
| #endif
| #ifdef HAVE_INTTYPES_H
| # include <inttypes.h>
| #endif
| #ifdef HAVE_STDINT_H
| # include <stdint.h>
| #endif
| #ifdef HAVE_UNISTD_H
| # include <unistd.h>
| #endif
| int
| main ()
| {
| if (sizeof ((size_t)))
| 	    return 0;
|   ;
|   return 0;
| }
configure:4308: result: yes
configure:4323: checking for vprintf
configure:4323: gcc -o conftest -g -O2   conftest.c  >&5
conftest.c:51:6: warning: conflicting types for built-in function 'vprintf' [enabled by default]
 char vprintf ();
      ^
configure:4323: $? = 0
configure:4323: result: yes
configure:4329: checking for _doprnt
configure:4329: gcc -o conftest -g -O2   conftest.c  >&5
/tmp/ccz8xIN5.o: In function `main':
/usr/local/test_clibrary/3rd/json-c-0.9/conftest.c:63: undefined reference to `_doprnt'
collect2: error: ld returned 1 exit status
configure:4329: $? = 1
configure: failed program was:
| /* confdefs.h */
| #define PACKAGE_NAME "json-c"
| #define PACKAGE_TARNAME "json-c"
| #define PACKAGE_VERSION "0.9"
| #define PACKAGE_STRING "json-c 0.9"
| #define PACKAGE_BUGREPORT "michael@metaparadigm.com"
| #define PACKAGE_URL ""
| #define PACKAGE "json-c"
| #define VERSION "0.9"
| #define STDC_HEADERS 1
| #define HAVE_SYS_TYPES_H 1
| #define HAVE_SYS_STAT_H 1
| #define HAVE_STDLIB_H 1
| #define HAVE_STRING_H 1
| #define HAVE_MEMORY_H 1
| #define HAVE_STRINGS_H 1
| #define HAVE_INTTYPES_H 1
| #define HAVE_STDINT_H 1
| #define HAVE_UNISTD_H 1
| #define HAVE_FCNTL_H 1
| #define HAVE_LIMITS_H 1
| #define HAVE_STRINGS_H 1
| #define HAVE_SYSLOG_H 1
| #define HAVE_UNISTD_H 1
| #define HAVE_SYS_PARAM_H 1
| #define HAVE_STDARG_H 1
| #define HAVE_VPRINTF 1
| /* end confdefs.h.  */
| /* Define _doprnt to an innocuous variant, in case <limits.h> declares _doprnt.
|    For example, HP-UX 11i <limits.h> declares gettimeofday.  */
| #define _doprnt innocuous__doprnt
| 
| /* System header to define __stub macros and hopefully few prototypes,
|     which can conflict with char _doprnt (); below.
|     Prefer <limits.h> to <assert.h> if __STDC__ is defined, since
|     <limits.h> exists even on freestanding compilers.  */
| 
| #ifdef __STDC__
| # include <limits.h>
| #else
| # include <assert.h>
| #endif
| 
| #undef _doprnt
| 
| /* Override any GCC internal prototype to avoid an error.
|    Use char because int might match the return type of a GCC
|    builtin and then its argument prototype would still apply.  */
| #ifdef __cplusplus
| extern "C"
| #endif
| char _doprnt ();
| /* The GNU C library defines this for functions which it implements
|     to always fail with ENOSYS.  Some functions are actually named
|     something starting with __ and the normal name is an alias.  */
| #if defined __stub__doprnt || defined __stub____doprnt
| choke me
| #endif
| 
| int
| main ()
| {
| return _doprnt ();
|   ;
|   return 0;
| }
configure:4329: result: no
configure:4340: checking for working memcmp
configure:4383: gcc -o conftest -g -O2   conftest.c  >&5
configure:4383: $? = 0
configure:4383: ./conftest
configure:4383: $? = 0
configure:4393: result: yes
configure:4404: checking for stdlib.h
configure:4404: result: yes
configure:4414: checking for GNU libc compatible malloc
configure:4438: gcc -o conftest -g -O2   conftest.c  >&5
configure:4438: $? = 0
configure:4438: ./conftest
configure:4438: $? = 0
configure:4448: result: yes
configure:4471: checking for stdlib.h
configure:4471: result: yes
configure:4481: checking for GNU libc compatible realloc
configure:4505: gcc -o conftest -g -O2   conftest.c  >&5
configure:4505: $? = 0
configure:4505: ./conftest
configure:4505: $? = 0
configure:4515: result: yes
configure:4539: checking for strndup
configure:4539: gcc -o conftest -g -O2   conftest.c  >&5
conftest.c:56:6: warning: conflicting types for built-in function 'strndup' [enabled by default]
 char strndup ();
      ^
configure:4539: $? = 0
configure:4539: result: yes
configure:4539: checking for strerror
configure:4539: gcc -o conftest -g -O2   conftest.c  >&5
configure:4539: $? = 0
configure:4539: result: yes
configure:4539: checking for vsnprintf
configure:4539: gcc -o conftest -g -O2   conftest.c  >&5
conftest.c:58:6: warning: conflicting types for built-in function 'vsnprintf' [enabled by default]
 char vsnprintf ();
      ^
configure:4539: $? = 0
configure:4539: result: yes
configure:4539: checking for vasprintf
configure:4539: gcc -o conftest -g -O2   conftest.c  >&5
configure:4539: $? = 0
configure:4539: result: yes
configure:4539: checking for open
configure:4539: gcc -o conftest -g -O2   conftest.c  >&5
configure:4539: $? = 0
configure:4539: result: yes
configure:4539: checking for vsyslog
configure:4539: gcc -o conftest -g -O2   conftest.c  >&5
configure:4539: $? = 0
configure:4539: result: yes
configure:4539: checking for strncasecmp
configure:4539: gcc -o conftest -g -O2   conftest.c  >&5
conftest.c:62:6: warning: conflicting types for built-in function 'strncasecmp' [enabled by default]
 char strncasecmp ();
      ^
configure:4539: $? = 0
configure:4539: result: yes
configure:4578: checking build system type
configure:4592: result: x86_64-unknown-linux-gnu
configure:4612: checking host system type
configure:4625: result: x86_64-unknown-linux-gnu
configure:4666: checking how to print strings
configure:4693: result: printf
configure:4714: checking for a sed that does not truncate output
configure:4778: result: /usr/bin/sed
configure:4796: checking for fgrep
configure:4858: result: /usr/bin/grep -F
configure:4893: checking for ld used by gcc
configure:4960: result: /usr/bin/ld
configure:4967: checking if the linker (/usr/bin/ld) is GNU ld
configure:4982: result: yes
configure:4994: checking for BSD- or MS-compatible name lister (nm)
configure:5043: result: /usr/bin/nm -B
configure:5173: checking the name lister (/usr/bin/nm -B) interface
configure:5180: gcc -c -g -O2  conftest.c >&5
configure:5183: /usr/bin/nm -B "conftest.o"
configure:5186: output
0000000000000000 B some_variable
configure:5193: result: BSD nm
configure:5196: checking whether ln -s works
configure:5200: result: yes
configure:5208: checking the maximum length of command line arguments
configure:5338: result: 1572864
configure:5355: checking whether the shell understands some XSI constructs
configure:5365: result: yes
configure:5369: checking whether the shell understands "+="
configure:5375: result: yes
configure:5410: checking how to convert x86_64-unknown-linux-gnu file names to x86_64-unknown-linux-gnu format
configure:5450: result: func_convert_file_noop
configure:5457: checking how to convert x86_64-unknown-linux-gnu file names to toolchain format
configure:5477: result: func_convert_file_noop
configure:5484: checking for /usr/bin/ld option to reload object files
configure:5491: result: -r
configure:5565: checking for objdump
configure:5581: found /usr/bin/objdump
configure:5592: result: objdump
configure:5624: checking how to recognize dependent libraries
configure:5826: result: pass_all
configure:5911: checking for dlltool
configure:5941: result: no
configure:5971: checking how to associate runtime and link libraries
configure:5998: result: printf %s\n
configure:6058: checking for ar
configure:6074: found /usr/bin/ar
configure:6085: result: ar
configure:6122: checking for archiver @FILE support
configure:6139: gcc -c -g -O2  conftest.c >&5
configure:6139: $? = 0
configure:6142: ar cru libconftest.a @conftest.lst >&5
configure:6145: $? = 0
configure:6150: ar cru libconftest.a @conftest.lst >&5
ar: conftest.o: No such file or directory
configure:6153: $? = 1
configure:6165: result: @
configure:6223: checking for strip
configure:6239: found /usr/bin/strip
configure:6250: result: strip
configure:6322: checking for ranlib
configure:6338: found /usr/bin/ranlib
configure:6349: result: ranlib
configure:6451: checking command to parse /usr/bin/nm -B output from gcc object
configure:6571: gcc -c -g -O2  conftest.c >&5
configure:6574: $? = 0
configure:6578: /usr/bin/nm -B conftest.o \| sed -n -e 's/^.*[ ]\([ABCDGIRSTW][ABCDGIRSTW]*\)[ ][ ]*\([_A-Za-z][_A-Za-z0-9]*\)$/\1 \2 \2/p' | sed '/ __gnu_lto/d' \> conftest.nm
configure:6581: $? = 0
configure:6647: gcc -o conftest -g -O2   conftest.c conftstm.o >&5
configure:6650: $? = 0
configure:6688: result: ok
configure:6725: checking for sysroot
configure:6755: result: no
configure:6832: gcc -c -g -O2  conftest.c >&5
configure:6835: $? = 0
configure:7011: checking for mt
configure:7041: result: no
configure:7061: checking if : is a manifest tool
configure:7067: : '-?'
configure:7075: result: no
configure:7714: checking for dlfcn.h
configure:7714: gcc -c -g -O2  conftest.c >&5
configure:7714: $? = 0
configure:7714: result: yes
configure:7920: checking for objdir
configure:7935: result: .libs
configure:8202: checking if gcc supports -fno-rtti -fno-exceptions
configure:8220: gcc -c -g -O2  -fno-rtti -fno-exceptions conftest.c >&5
cc1: warning: command line option '-fno-rtti' is valid for C++/ObjC++ but not for C [enabled by default]
configure:8224: $? = 0
configure:8237: result: no
configure:8564: checking for gcc option to produce PIC
configure:8571: result: -fPIC -DPIC
configure:8579: checking if gcc PIC flag -fPIC -DPIC works
configure:8597: gcc -c -g -O2  -fPIC -DPIC -DPIC conftest.c >&5
configure:8601: $? = 0
configure:8614: result: yes
configure:8643: checking if gcc static flag -static works
configure:8671: result: no
configure:8686: checking if gcc supports -c -o file.o
configure:8707: gcc -c -g -O2  -o out/conftest2.o conftest.c >&5
configure:8711: $? = 0
configure:8733: result: yes
configure:8741: checking if gcc supports -c -o file.o
configure:8788: result: yes
configure:8821: checking whether the gcc linker (/usr/bin/ld -m elf_x86_64) supports shared libraries
configure:9974: result: yes
configure:10011: checking whether -lc should be explicitly linked in
configure:10019: gcc -c -g -O2  conftest.c >&5
configure:10022: $? = 0
configure:10037: gcc -shared  -fPIC -DPIC conftest.o  -v -Wl,-soname -Wl,conftest -o conftest 2\>\&1 \| /usr/bin/grep  -lc  \>/dev/null 2\>\&1
configure:10040: $? = 0
configure:10054: result: no
configure:10214: checking dynamic linker characteristics
configure:10725: gcc -o conftest -g -O2   -Wl,-rpath -Wl,/foo conftest.c  >&5
configure:10725: $? = 0
configure:10951: result: GNU/Linux ld.so
configure:11058: checking how to hardcode library paths into programs
configure:11083: result: immediate
configure:11623: checking whether stripping libraries is possible
configure:11628: result: yes
configure:11663: checking if libtool supports shared libraries
configure:11665: result: yes
configure:11668: checking whether to build shared libraries
configure:11689: result: yes
configure:11692: checking whether to build static libraries
configure:11696: result: no
configure:11844: checking that generated files are newer than configure
configure:11850: result: done
configure:11873: creating ./config.status

## ---------------------- ##
## Running config.status. ##
## ---------------------- ##

This file was extended by json-c config.status 0.9, which was
generated by GNU Autoconf 2.69.  Invocation command line was

  CONFIG_FILES    = 
  CONFIG_HEADERS  = 
  CONFIG_LINKS    = 
  CONFIG_COMMANDS = 
  $ ./config.status 

on bogon

config.status:1100: creating Makefile
config.status:1100: creating json.pc
config.status:1100: creating config.h
config.status:1281: config.h is unchanged
config.status:1329: executing depfiles commands
config.status:1329: executing libtool commands

## ---------------- ##
## Cache variables. ##
## ---------------- ##

ac_cv_build=x86_64-unknown-linux-gnu
ac_cv_c_compiler_gnu=yes
ac_cv_c_const=yes
ac_cv_env_CC_set=
ac_cv_env_CC_value=
ac_cv_env_CFLAGS_set=
ac_cv_env_CFLAGS_value=
ac_cv_env_CPPFLAGS_set=
ac_cv_env_CPPFLAGS_value=
ac_cv_env_CPP_set=
ac_cv_env_CPP_value=
ac_cv_env_LDFLAGS_set=
ac_cv_env_LDFLAGS_value=
ac_cv_env_LIBS_set=
ac_cv_env_LIBS_value=
ac_cv_env_build_alias_set=
ac_cv_env_build_alias_value=
ac_cv_env_host_alias_set=
ac_cv_env_host_alias_value=
ac_cv_env_target_alias_set=
ac_cv_env_target_alias_value=
ac_cv_func__doprnt=no
ac_cv_func_malloc_0_nonnull=yes
ac_cv_func_memcmp_working=yes
ac_cv_func_open=yes
ac_cv_func_realloc_0_nonnull=yes
ac_cv_func_strerror=yes
ac_cv_func_strncasecmp=yes
ac_cv_func_strndup=yes
ac_cv_func_vasprintf=yes
ac_cv_func_vprintf=yes
ac_cv_func_vsnprintf=yes
ac_cv_func_vsyslog=yes
ac_cv_header_dlfcn_h=yes
ac_cv_header_fcntl_h=yes
ac_cv_header_inttypes_h=yes
ac_cv_header_limits_h=yes
ac_cv_header_memory_h=yes
ac_cv_header_stdarg_h=yes
ac_cv_header_stdc=yes
ac_cv_header_stdint_h=yes
ac_cv_header_stdlib_h=yes
ac_cv_header_string_h=yes
ac_cv_header_strings_h=yes
ac_cv_header_sys_param_h=yes
ac_cv_header_sys_stat_h=yes
ac_cv_header_sys_types_h=yes
ac_cv_header_syslog_h=yes
ac_cv_header_unistd_h=yes
ac_cv_host=x86_64-unknown-linux-gnu
ac_cv_objext=o
ac_cv_path_EGREP='/usr/bin/grep -E'
ac_cv_path_FGREP='/usr/bin/grep -F'
ac_cv_path_GREP=/usr/bin/grep
ac_cv_path_SED=/usr/bin/sed
ac_cv_path_install='/usr/bin/install -c'
ac_cv_path_mkdir=/usr/bin/mkdir
ac_cv_prog_AWK=gawk
ac_cv_prog_CPP='gcc -E'
ac_cv_prog_ac_ct_AR=ar
ac_cv_prog_ac_ct_CC=gcc
ac_cv_prog_ac_ct_OBJDUMP=objdump
ac_cv_prog_ac_ct_RANLIB=ranlib
ac_cv_prog_ac_ct_STRIP=strip
ac_cv_prog_cc_c89=
ac_cv_prog_cc_g=yes
ac_cv_prog_make_make_set=yes
ac_cv_type_size_t=yes
am_cv_CC_dependencies_compiler_type=gcc3
am_cv_make_support_nested_variables=yes
lt_cv_ar_at_file=@
lt_cv_archive_cmds_need_lc=no
lt_cv_deplibs_check_method=pass_all
lt_cv_file_magic_cmd='$MAGIC_CMD'
lt_cv_file_magic_test_file=
lt_cv_ld_reload_flag=-r
lt_cv_nm_interface='BSD nm'
lt_cv_objdir=.libs
lt_cv_path_LD=/usr/bin/ld
lt_cv_path_NM='/usr/bin/nm -B'
lt_cv_path_mainfest_tool=no
lt_cv_prog_compiler_c_o=yes
lt_cv_prog_compiler_pic='-fPIC -DPIC'
lt_cv_prog_compiler_pic_works=yes
lt_cv_prog_compiler_rtti_exceptions=no
lt_cv_prog_compiler_static_works=no
lt_cv_prog_gnu_ld=yes
lt_cv_sharedlib_from_linklib_cmd='printf %s\n'
lt_cv_shlibpath_overrides_runpath=no
lt_cv_sys_global_symbol_pipe='sed -n -e '\''s/^.*[	 ]\([ABCDGIRSTW][ABCDGIRSTW]*\)[	 ][	 ]*\([_A-Za-z][_A-Za-z0-9]*\)$/\1 \2 \2/p'\'' | sed '\''/ __gnu_lto/d'\'''
lt_cv_sys_global_symbol_to_c_name_address='sed -n -e '\''s/^: \([^ ]*\)[ ]*$/  {\"\1\", (void *) 0},/p'\'' -e '\''s/^[ABCDGIRSTW]* \([^ ]*\) \([^ ]*\)$/  {"\2", (void *) \&\2},/p'\'''
lt_cv_sys_global_symbol_to_c_name_address_lib_prefix='sed -n -e '\''s/^: \([^ ]*\)[ ]*$/  {\"\1\", (void *) 0},/p'\'' -e '\''s/^[ABCDGIRSTW]* \([^ ]*\) \(lib[^ ]*\)$/  {"\2", (void *) \&\2},/p'\'' -e '\''s/^[ABCDGIRSTW]* \([^ ]*\) \([^ ]*\)$/  {"lib\2", (void *) \&\2},/p'\'''
lt_cv_sys_global_symbol_to_cdecl='sed -n -e '\''s/^T .* \(.*\)$/extern int \1();/p'\'' -e '\''s/^[ABCDGIRSTW]* .* \(.*\)$/extern char \1;/p'\'''
lt_cv_sys_max_cmd_len=1572864
lt_cv_to_host_file_cmd=func_convert_file_noop
lt_cv_to_tool_file_cmd=func_convert_file_noop

## ----------------- ##
## Output variables. ##
## ----------------- ##

ACLOCAL='aclocal-1.13'
AMDEPBACKSLASH='\'
AMDEP_FALSE='#'
AMDEP_TRUE=''
AMTAR='$${TAR-tar}'
AM_BACKSLASH='\'
AM_DEFAULT_V='$(AM_DEFAULT_VERBOSITY)'
AM_DEFAULT_VERBOSITY='1'
AM_V='$(V)'
AR='ar'
AUTOCONF='autoconf'
AUTOHEADER='autoheader'
AUTOMAKE='automake-1.13'
AWK='gawk'
CC='gcc'
CCDEPMODE='depmode=gcc3'
CFLAGS='-g -O2'
CPP='gcc -E'
CPPFLAGS=''
CYGPATH_W='echo'
DEFS='-DHAVE_CONFIG_H'
DEPDIR='.deps'
DLLTOOL='false'
DSYMUTIL=''
DUMPBIN=''
ECHO_C=''
ECHO_N='-n'
ECHO_T=''
EGREP='/usr/bin/grep -E'
EXEEXT=''
FGREP='/usr/bin/grep -F'
GREP='/usr/bin/grep'
INSTALL_DATA='${INSTALL} -m 644'
INSTALL_PROGRAM='${INSTALL}'
INSTALL_SCRIPT='${INSTALL}'
INSTALL_STRIP_PROGRAM='$(install_sh) -c -s'
LD='/usr/bin/ld -m elf_x86_64'
LDFLAGS=''
LIBOBJS=''
LIBS=''
LIBTOOL='$(SHELL) $(top_builddir)/libtool'
LIPO=''
LN_S='ln -s'
LTLIBOBJS=''
MAKEINFO='makeinfo'
MANIFEST_TOOL=':'
MKDIR_P='/usr/bin/mkdir -p'
NM='/usr/bin/nm -B'
NMEDIT=''
OBJDUMP='objdump'
OBJEXT='o'
OTOOL64=''
OTOOL=''
PACKAGE='json-c'
PACKAGE_BUGREPORT='michael@metaparadigm.com'
PACKAGE_NAME='json-c'
PACKAGE_STRING='json-c 0.9'
PACKAGE_TARNAME='json-c'
PACKAGE_URL=''
PACKAGE_VERSION='0.9'
PATH_SEPARATOR=':'
RANLIB='ranlib'
SED='/usr/bin/sed'
SET_MAKE=''
SHELL='/bin/sh'
STRIP='strip'
VERSION='0.9'
ac_ct_AR='ar'
ac_ct_CC='gcc'
ac_ct_DUMPBIN=''
am__EXEEXT_FALSE=''
am__EXEEXT_TRUE='#'
am__fastdepCC_FALSE='#'
am__fastdepCC_TRUE=''
am__include='include'
am__isrc=''
am__leading_dot='.'
am__nodep='_no'
am__quote=''
am__tar='$${TAR-tar} chof - "$$tardir"'
am__untar='$${TAR-tar} xf -'
bindir='${exec_prefix}/bin'
build='x86_64-unknown-linux-gnu'
build_alias=''
build_cpu='x86_64'
build_os='linux-gnu'
build_vendor='unknown'
datadir='${datarootdir}'
datarootdir='${prefix}/share'
docdir='${datarootdir}/doc/${PACKAGE_TARNAME}'
dvidir='${docdir}'
exec_prefix='${prefix}'
host='x86_64-unknown-linux-gnu'
host_alias=''
host_cpu='x86_64'
host_os='linux-gnu'
host_vendor='unknown'
htmldir='${docdir}'
includedir='${prefix}/include'
infodir='${datarootdir}/info'
install_sh='${SHELL} /usr/local/test_clibrary/3rd/json-c-0.9/install-sh'
libdir='${exec_prefix}/lib'
libexecdir='${exec_prefix}/libexec'
localedir='${datarootdir}/locale'
localstatedir='${prefix}/var'
mandir='${datarootdir}/man'
mkdir_p='$(MKDIR_P)'
oldincludedir='/usr/include'
pdfdir='${docdir}'
prefix='/usr/local/test_clibrary'
program_transform_name='s,x,x,'
psdir='${docdir}'
sbindir='${exec_prefix}/sbin'
sharedstatedir='${prefix}/com'
sysconfdir='${prefix}/etc'
target_alias=''

## ----------- ##
## confdefs.h. ##
## ----------- ##

/* confdefs.h */
#define PACKAGE_NAME "json-c"
#define PACKAGE_TARNAME "json-c"
#define PACKAGE_VERSION "0.9"
#define PACKAGE_STRING "json-c 0.9"
#define PACKAGE_BUGREPORT "michael@metaparadigm.com"
#define PACKAGE_URL ""
#define PACKAGE "json-c"
#define VERSION "0.9"
#define STDC_HEADERS 1
#define HAVE_SYS_TYPES_H 1
#define HAVE_SYS_STAT_H 1
#define HAVE_STDLIB_H 1
#define HAVE_STRING_H 1
#define HAVE_MEMORY_H 1
#define HAVE_STRINGS_H 1
#define HAVE_INTTYPES_H 1
#define HAVE_STDINT_H 1
#define HAVE_UNISTD_H 1
#define HAVE_FCNTL_H 1
#define HAVE_LIMITS_H 1
#define HAVE_STRINGS_H 1
#define HAVE_SYSLOG_H 1
#define HAVE_UNISTD_H 1
#define HAVE_SYS_PARAM_H 1
#define HAVE_STDARG_H 1
#define HAVE_VPRINTF 1
#define HAVE_STDLIB_H 1
#define HAVE_MALLOC 1
#define HAVE_STDLIB_H 1
#define HAVE_REALLOC 1
#define HAVE_STRNDUP 1
#define HAVE_STRERROR 1
#define HAVE_VSNPRINTF 1
#define HAVE_VASPRINTF 1
#define HAVE_OPEN 1
#define HAVE_VSYSLOG 1
#define HAVE_STRNCASECMP 1
#define HAVE_DLFCN_H 1
#define LT_OBJDIR ".libs/"

configure: exit 0
