This file contains any messages produced by compilers while
running configure, to aid debugging if configure makes a mistake.

It was created by protobuf-c configure 0.15, which was
generated by GNU Autoconf 2.63.  Invocation command line was

  $ ./configure CXXFLAGS=-I/home/local/include LDFLAGS=-L/home/local/lib

## --------- ##
## Platform. ##
## --------- ##

hostname = NGFW
uname -m = x86_64
uname -r = 2.6.32-ngfw
uname -s = Linux
uname -v = #2 SMP Wed May 29 02:23:20 GMT 2013

/usr/bin/uname -p = unknown
/bin/uname -X     = unknown

/bin/arch              = x86_64
/usr/bin/arch -k       = unknown
/usr/convex/getsysinfo = unknown
/usr/bin/hostinfo      = unknown
/bin/machine           = unknown
/usr/bin/oslevel       = unknown
/bin/universe          = unknown

PATH: /usr/local/sbin
PATH: /usr/local/bin
PATH: /sbin
PATH: /bin
PATH: /usr/sbin
PATH: /usr/bin
PATH: /ZHU/bin


## ----------- ##
## Core tests. ##
## ----------- ##

configure:2084: checking for a BSD-compatible install
configure:2152: result: /usr/bin/install -c
configure:2163: checking whether build environment is sane
configure:2206: result: yes
configure:2231: checking for a thread-safe mkdir -p
configure:2270: result: /bin/mkdir -p
configure:2283: checking for gawk
configure:2299: found /bin/gawk
configure:2310: result: gawk
configure:2321: checking whether make sets $(MAKE)
configure:2343: result: yes
configure:2576: checking for gcc
configure:2592: found /usr/bin/gcc
configure:2603: result: gcc
configure:2835: checking for C compiler version
configure:2843: gcc --version >&5
gcc (GCC) 4.4.6 20110731 (Red Hat 4.4.6-3)
Copyright (C) 2010 Free Software Foundation, Inc.
This is free software; see the source for copying conditions.  There is NO
warranty; not even for MERCHANTABILITY or FITNESS FOR A PARTICULAR PURPOSE.

configure:2847: $? = 0
configure:2854: gcc -v >&5
Using built-in specs.
Target: x86_64-redhat-linux
Configured with: ../configure --prefix=/usr --mandir=/usr/share/man --infodir=/usr/share/info --with-bugurl=http://bugzilla.redhat.com/bugzilla --enable-bootstrap --enable-shared --enable-threads=posix --enable-checking=release --with-system-zlib --enable-__cxa_atexit --disable-libunwind-exceptions --enable-gnu-unique-object --enable-languages=c,c++,objc,obj-c++,java,fortran,ada --enable-java-awt=gtk --disable-dssi --with-java-home=/usr/lib/jvm/java-1.5.0-gcj-1.5.0.0/jre --enable-libgcj-multifile --enable-java-maintainer-mode --with-ecj-jar=/usr/share/java/eclipse-ecj.jar --disable-libjava-multilib --with-ppl --with-cloog --with-tune=generic --with-arch_32=i686 --build=x86_64-redhat-linux
Thread model: posix
gcc version 4.4.6 20110731 (Red Hat 4.4.6-3) (GCC) 
configure:2858: $? = 0
configure:2865: gcc -V >&5
gcc: '-V' option must have argument
configure:2869: $? = 1
configure:2892: checking for C compiler default output file name
configure:2914: gcc   -L/home/local/lib conftest.c  >&5
configure:2918: $? = 0
configure:2956: result: a.out
configure:2975: checking whether the C compiler works
configure:2985: ./a.out
configure:2989: $? = 0
configure:3008: result: yes
configure:3015: checking whether we are cross compiling
configure:3017: result: no
configure:3020: checking for suffix of executables
configure:3027: gcc -o conftest   -L/home/local/lib conftest.c  >&5
configure:3031: $? = 0
configure:3057: result: 
configure:3063: checking for suffix of object files
configure:3089: gcc -c   conftest.c >&5
configure:3093: $? = 0
configure:3118: result: o
configure:3122: checking whether we are using the GNU C compiler
configure:3151: gcc -c   conftest.c >&5
configure:3158: $? = 0
configure:3175: result: yes
configure:3184: checking whether gcc accepts -g
configure:3214: gcc -c -g  conftest.c >&5
configure:3221: $? = 0
configure:3322: result: yes
configure:3339: checking for gcc option to accept ISO C89
configure:3413: gcc  -c -g -O2  conftest.c >&5
configure:3420: $? = 0
configure:3443: result: none needed
configure:3472: checking for style of include used by make
configure:3500: result: GNU
configure:3525: checking dependency style of gcc
configure:3616: result: gcc3
configure:3689: checking for g++
configure:3705: found /usr/bin/g++
configure:3716: result: g++
configure:3743: checking for C++ compiler version
configure:3751: g++ --version >&5
g++ (GCC) 4.4.6 20110731 (Red Hat 4.4.6-3)
Copyright (C) 2010 Free Software Foundation, Inc.
This is free software; see the source for copying conditions.  There is NO
warranty; not even for MERCHANTABILITY or FITNESS FOR A PARTICULAR PURPOSE.

configure:3755: $? = 0
configure:3762: g++ -v >&5
Using built-in specs.
Target: x86_64-redhat-linux
Configured with: ../configure --prefix=/usr --mandir=/usr/share/man --infodir=/usr/share/info --with-bugurl=http://bugzilla.redhat.com/bugzilla --enable-bootstrap --enable-shared --enable-threads=posix --enable-checking=release --with-system-zlib --enable-__cxa_atexit --disable-libunwind-exceptions --enable-gnu-unique-object --enable-languages=c,c++,objc,obj-c++,java,fortran,ada --enable-java-awt=gtk --disable-dssi --with-java-home=/usr/lib/jvm/java-1.5.0-gcj-1.5.0.0/jre --enable-libgcj-multifile --enable-java-maintainer-mode --with-ecj-jar=/usr/share/java/eclipse-ecj.jar --disable-libjava-multilib --with-ppl --with-cloog --with-tune=generic --with-arch_32=i686 --build=x86_64-redhat-linux
Thread model: posix
gcc version 4.4.6 20110731 (Red Hat 4.4.6-3) (GCC) 
configure:3766: $? = 0
configure:3773: g++ -V >&5
g++: '-V' option must have argument
configure:3777: $? = 1
configure:3780: checking whether we are using the GNU C++ compiler
configure:3809: g++ -c -I/home/local/include  conftest.cpp >&5
configure:3816: $? = 0
configure:3833: result: yes
configure:3842: checking whether g++ accepts -g
configure:3872: g++ -c -g  conftest.cpp >&5
configure:3879: $? = 0
configure:3980: result: yes
configure:4005: checking dependency style of g++
configure:4096: result: gcc3
configure:4142: checking build system type
configure:4160: result: x86_64-unknown-linux-gnu
configure:4182: checking host system type
configure:4197: result: x86_64-unknown-linux-gnu
configure:4219: checking for a sed that does not truncate output
configure:4285: result: /bin/sed
configure:4303: checking for grep that handles long lines and -e
configure:4363: result: /bin/grep
configure:4368: checking for egrep
configure:4432: result: /bin/grep -E
configure:4437: checking for fgrep
configure:4501: result: /bin/grep -F
configure:4536: checking for ld used by gcc
configure:4603: result: /usr/bin/ld
configure:4612: checking if the linker (/usr/bin/ld) is GNU ld
configure:4627: result: yes
configure:4639: checking for BSD- or MS-compatible name lister (nm)
configure:4688: result: /usr/bin/nm -B
configure:4806: checking the name lister (/usr/bin/nm -B) interface
configure:4813: gcc -c -g -O2  conftest.c >&5
configure:4816: /usr/bin/nm -B "conftest.o"
configure:4819: output
0000000000000000 B some_variable
configure:4826: result: BSD nm
configure:4829: checking whether ln -s works
configure:4833: result: yes
configure:4841: checking the maximum length of command line arguments
configure:4961: result: 1966080
configure:4978: checking whether the shell understands some XSI constructs
configure:4988: result: yes
configure:4992: checking whether the shell understands "+="
configure:4998: result: yes
configure:5033: checking for /usr/bin/ld option to reload object files
configure:5040: result: -r
configure:5109: checking for objdump
configure:5125: found /usr/bin/objdump
configure:5136: result: objdump
configure:5168: checking how to recognize dependent libraries
configure:5364: result: pass_all
configure:5424: checking for ar
configure:5440: found /usr/bin/ar
configure:5451: result: ar
configure:5529: checking for strip
configure:5545: found /usr/bin/strip
configure:5556: result: strip
configure:5628: checking for ranlib
configure:5644: found /usr/bin/ranlib
configure:5655: result: ranlib
configure:5745: checking command to parse /usr/bin/nm -B output from gcc object
configure:5863: gcc -c -g -O2  conftest.c >&5
configure:5866: $? = 0
configure:5870: /usr/bin/nm -B conftest.o \| sed -n -e 's/^.*[	 ]\([ABCDGIRSTW][ABCDGIRSTW]*\)[	 ][	 ]*\([_A-Za-z][_A-Za-z0-9]*\)$/\1 \2 \2/p' \> conftest.nm
configure:5873: $? = 0
configure:5927: gcc -o conftest -g -O2  -L/home/local/lib conftest.c conftstm.o >&5
configure:5930: $? = 0
configure:5968: result: ok
configure:6064: gcc -c -g -O2  conftest.c >&5
configure:6067: $? = 0
configure:6835: checking how to run the C preprocessor
configure:6875: gcc -E  conftest.c
configure:6882: $? = 0
configure:6913: gcc -E  conftest.c
conftest.c:10:28: error: ac_nonexistent.h: No such file or directory
configure:6920: $? = 1
configure: failed program was:
| /* confdefs.h.  */
| #define PACKAGE_NAME "protobuf-c"
| #define PACKAGE_TARNAME "protobuf-c"
| #define PACKAGE_VERSION "0.15"
| #define PACKAGE_STRING "protobuf-c 0.15"
| #define PACKAGE_BUGREPORT ""
| #define PACKAGE "protobuf-c"
| #define VERSION "0.15"
| /* end confdefs.h.  */
| #include <ac_nonexistent.h>
configure:6953: result: gcc -E
configure:6982: gcc -E  conftest.c
configure:6989: $? = 0
configure:7020: gcc -E  conftest.c
conftest.c:10:28: error: ac_nonexistent.h: No such file or directory
configure:7027: $? = 1
configure: failed program was:
| /* confdefs.h.  */
| #define PACKAGE_NAME "protobuf-c"
| #define PACKAGE_TARNAME "protobuf-c"
| #define PACKAGE_VERSION "0.15"
| #define PACKAGE_STRING "protobuf-c 0.15"
| #define PACKAGE_BUGREPORT ""
| #define PACKAGE "protobuf-c"
| #define VERSION "0.15"
| /* end confdefs.h.  */
| #include <ac_nonexistent.h>
configure:7067: checking for ANSI C header files
configure:7097: gcc -c -g -O2  conftest.c >&5
configure:7104: $? = 0
configure:7203: gcc -o conftest -g -O2  -L/home/local/lib conftest.c  >&5
configure:7207: $? = 0
configure:7213: ./conftest
configure:7217: $? = 0
configure:7235: result: yes
configure:7259: checking for sys/types.h
configure:7280: gcc -c -g -O2  conftest.c >&5
configure:7287: $? = 0
configure:7304: result: yes
configure:7259: checking for sys/stat.h
configure:7280: gcc -c -g -O2  conftest.c >&5
configure:7287: $? = 0
configure:7304: result: yes
configure:7259: checking for stdlib.h
configure:7280: gcc -c -g -O2  conftest.c >&5
configure:7287: $? = 0
configure:7304: result: yes
configure:7259: checking for string.h
configure:7280: gcc -c -g -O2  conftest.c >&5
configure:7287: $? = 0
configure:7304: result: yes
configure:7259: checking for memory.h
configure:7280: gcc -c -g -O2  conftest.c >&5
configure:7287: $? = 0
configure:7304: result: yes
configure:7259: checking for strings.h
configure:7280: gcc -c -g -O2  conftest.c >&5
configure:7287: $? = 0
configure:7304: result: yes
configure:7259: checking for inttypes.h
configure:7280: gcc -c -g -O2  conftest.c >&5
configure:7287: $? = 0
configure:7304: result: yes
configure:7259: checking for stdint.h
configure:7280: gcc -c -g -O2  conftest.c >&5
configure:7287: $? = 0
configure:7304: result: yes
configure:7259: checking for unistd.h
configure:7280: gcc -c -g -O2  conftest.c >&5
configure:7287: $? = 0
configure:7304: result: yes
configure:7322: checking for dlfcn.h
configure:7343: gcc -c -g -O2  conftest.c >&5
configure:7350: $? = 0
configure:7367: result: yes
configure:7494: checking for C++ compiler version
configure:7502: g++ --version >&5
g++ (GCC) 4.4.6 20110731 (Red Hat 4.4.6-3)
Copyright (C) 2010 Free Software Foundation, Inc.
This is free software; see the source for copying conditions.  There is NO
warranty; not even for MERCHANTABILITY or FITNESS FOR A PARTICULAR PURPOSE.

configure:7506: $? = 0
configure:7513: g++ -v >&5
Using built-in specs.
Target: x86_64-redhat-linux
Configured with: ../configure --prefix=/usr --mandir=/usr/share/man --infodir=/usr/share/info --with-bugurl=http://bugzilla.redhat.com/bugzilla --enable-bootstrap --enable-shared --enable-threads=posix --enable-checking=release --with-system-zlib --enable-__cxa_atexit --disable-libunwind-exceptions --enable-gnu-unique-object --enable-languages=c,c++,objc,obj-c++,java,fortran,ada --enable-java-awt=gtk --disable-dssi --with-java-home=/usr/lib/jvm/java-1.5.0-gcj-1.5.0.0/jre --enable-libgcj-multifile --enable-java-maintainer-mode --with-ecj-jar=/usr/share/java/eclipse-ecj.jar --disable-libjava-multilib --with-ppl --with-cloog --with-tune=generic --with-arch_32=i686 --build=x86_64-redhat-linux
Thread model: posix
gcc version 4.4.6 20110731 (Red Hat 4.4.6-3) (GCC) 
configure:7517: $? = 0
configure:7524: g++ -V >&5
g++: '-V' option must have argument
configure:7528: $? = 1
configure:7531: checking whether we are using the GNU C++ compiler
configure:7584: result: yes
configure:7593: checking whether g++ accepts -g
configure:7731: result: yes
configure:7756: checking dependency style of g++
configure:7847: result: gcc3
configure:7870: checking how to run the C++ preprocessor
configure:7906: g++ -E  conftest.cpp
configure:7913: $? = 0
configure:7944: g++ -E  conftest.cpp
conftest.cpp:21:28: error: ac_nonexistent.h: No such file or directory
configure:7951: $? = 1
configure: failed program was:
| /* confdefs.h.  */
| #define PACKAGE_NAME "protobuf-c"
| #define PACKAGE_TARNAME "protobuf-c"
| #define PACKAGE_VERSION "0.15"
| #define PACKAGE_STRING "protobuf-c 0.15"
| #define PACKAGE_BUGREPORT ""
| #define PACKAGE "protobuf-c"
| #define VERSION "0.15"
| #define STDC_HEADERS 1
| #define HAVE_SYS_TYPES_H 1
| #define HAVE_SYS_STAT_H 1
| #define HAVE_STDLIB_H 1
| #define HAVE_STRING_H 1
| #define HAVE_MEMORY_H 1
| #define HAVE_STRINGS_H 1
| #define HAVE_INTTYPES_H 1
| #define HAVE_STDINT_H 1
| #define HAVE_UNISTD_H 1
| #define HAVE_DLFCN_H 1
| /* end confdefs.h.  */
| #include <ac_nonexistent.h>
configure:7984: result: g++ -E
configure:8013: g++ -E  conftest.cpp
configure:8020: $? = 0
configure:8051: g++ -E  conftest.cpp
conftest.cpp:21:28: error: ac_nonexistent.h: No such file or directory
configure:8058: $? = 1
configure: failed program was:
| /* confdefs.h.  */
| #define PACKAGE_NAME "protobuf-c"
| #define PACKAGE_TARNAME "protobuf-c"
| #define PACKAGE_VERSION "0.15"
| #define PACKAGE_STRING "protobuf-c 0.15"
| #define PACKAGE_BUGREPORT ""
| #define PACKAGE "protobuf-c"
| #define VERSION "0.15"
| #define STDC_HEADERS 1
| #define HAVE_SYS_TYPES_H 1
| #define HAVE_SYS_STAT_H 1
| #define HAVE_STDLIB_H 1
| #define HAVE_STRING_H 1
| #define HAVE_MEMORY_H 1
| #define HAVE_STRINGS_H 1
| #define HAVE_INTTYPES_H 1
| #define HAVE_STDINT_H 1
| #define HAVE_UNISTD_H 1
| #define HAVE_DLFCN_H 1
| /* end confdefs.h.  */
| #include <ac_nonexistent.h>
configure:8272: checking for objdir
configure:8287: result: .libs
configure:8579: checking if gcc supports -fno-rtti -fno-exceptions
configure:8597: gcc -c -g -O2  -fno-rtti -fno-exceptions conftest.c >&5
cc1: warning: command line option "-fno-rtti" is valid for C++/ObjC++ but not for C
configure:8601: $? = 0
configure:8614: result: no
configure:8634: checking for gcc option to produce PIC
configure:8906: result: -fPIC -DPIC
configure:8918: checking if gcc PIC flag -fPIC -DPIC works
configure:8936: gcc -c -g -O2  -fPIC -DPIC -DPIC conftest.c >&5
configure:8940: $? = 0
configure:8953: result: yes
configure:8977: checking if gcc static flag -static works
configure:9005: result: no
configure:9020: checking if gcc supports -c -o file.o
configure:9041: gcc -c -g -O2  -o out/conftest2.o conftest.c >&5
configure:9045: $? = 0
configure:9067: result: yes
configure:9075: checking if gcc supports -c -o file.o
configure:9122: result: yes
configure:9155: checking whether the gcc linker (/usr/bin/ld -m elf_x86_64) supports shared libraries
configure:10229: result: yes
configure:10266: checking whether -lc should be explicitly linked in
configure:10271: gcc -c -g -O2  conftest.c >&5
configure:10274: $? = 0
configure:10289: gcc -shared conftest.o  -v -Wl,-soname -Wl,conftest -o conftest 2\>\&1 \| /bin/grep  -lc  \>/dev/null 2\>\&1
configure:10292: $? = 0
configure:10304: result: no
configure:10468: checking dynamic linker characteristics
configure:10911: gcc -o conftest -g -O2  -L/home/local/lib -Wl,-rpath -Wl,/foo conftest.c  >&5
configure:10918: $? = 0
configure:11151: result: GNU/Linux ld.so
configure:11253: checking how to hardcode library paths into programs
configure:11278: result: immediate
configure:12111: checking whether stripping libraries is possible
configure:12116: result: yes
configure:12151: checking if libtool supports shared libraries
configure:12153: result: yes
configure:12156: checking whether to build shared libraries
configure:12177: result: yes
configure:12180: checking whether to build static libraries
configure:12184: result: yes
configure:12334: checking for ld used by g++
configure:12401: result: /usr/bin/ld -m elf_x86_64
configure:12410: checking if the linker (/usr/bin/ld -m elf_x86_64) is GNU ld
configure:12425: result: yes
configure:12480: checking whether the g++ linker (/usr/bin/ld -m elf_x86_64) supports shared libraries
configure:13455: result: yes
configure:13483: g++ -c -I/home/local/include  conftest.cpp >&5
configure:13486: $? = 0
configure:13668: checking for g++ option to produce PIC
configure:13985: result: -fPIC -DPIC
configure:13994: checking if g++ PIC flag -fPIC -DPIC works
configure:14012: g++ -c -I/home/local/include  -fPIC -DPIC -DPIC conftest.cpp >&5
configure:14016: $? = 0
configure:14029: result: yes
configure:14050: checking if g++ static flag -static works
configure:14078: result: no
configure:14090: checking if g++ supports -c -o file.o
configure:14111: g++ -c -I/home/local/include  -o out/conftest2.o conftest.cpp >&5
configure:14115: $? = 0
configure:14137: result: yes
configure:14142: checking if g++ supports -c -o file.o
configure:14189: result: yes
configure:14219: checking whether the g++ linker (/usr/bin/ld -m elf_x86_64) supports shared libraries
configure:14245: result: yes
configure:14382: checking dynamic linker characteristics
configure:14773: g++ -o conftest -I/home/local/include  -L/home/local/lib -Wl,-rpath -Wl,/foo conftest.cpp  >&5
configure:14780: $? = 0
configure:15013: result: GNU/Linux ld.so
configure:15064: checking how to hardcode library paths into programs
configure:15089: result: immediate
configure:15149: checking for protoc
configure:15167: found /bin/protoc
configure:15179: result: /bin/protoc
configure:15192: checking for inttypes.h
configure:15199: result: yes
configure:15349: checking sys/poll.h usability
configure:15366: gcc -c -g -O2  conftest.c >&5
configure:15373: $? = 0
configure:15387: result: yes
configure:15391: checking sys/poll.h presence
configure:15406: gcc -E  conftest.c
configure:15413: $? = 0
configure:15427: result: yes
configure:15455: checking for sys/poll.h
configure:15464: result: yes
configure:15495: checking sys/select.h usability
configure:15512: gcc -c -g -O2  conftest.c >&5
configure:15519: $? = 0
configure:15533: result: yes
configure:15537: checking sys/select.h presence
configure:15552: gcc -E  conftest.c
configure:15559: $? = 0
configure:15573: result: yes
configure:15601: checking for sys/select.h
configure:15610: result: yes
configure:15641: checking alloca.h usability
configure:15658: gcc -c -g -O2  conftest.c >&5
configure:15665: $? = 0
configure:15679: result: yes
configure:15683: checking alloca.h presence
configure:15698: gcc -E  conftest.c
configure:15705: $? = 0
configure:15719: result: yes
configure:15747: checking for alloca.h
configure:15756: result: yes
configure:15787: checking malloc.h usability
configure:15804: gcc -c -g -O2  conftest.c >&5
configure:15811: $? = 0
configure:15825: result: yes
configure:15829: checking malloc.h presence
configure:15844: gcc -E  conftest.c
configure:15851: $? = 0
configure:15865: result: yes
configure:15893: checking for malloc.h
configure:15902: result: yes
configure:15933: checking winsock.h usability
configure:15950: gcc -c -g -O2  conftest.c >&5
conftest.c:60:21: error: winsock.h: No such file or directory
configure:15957: $? = 1
configure: failed program was:
| /* confdefs.h.  */
| #define PACKAGE_NAME "protobuf-c"
| #define PACKAGE_TARNAME "protobuf-c"
| #define PACKAGE_VERSION "0.15"
| #define PACKAGE_STRING "protobuf-c 0.15"
| #define PACKAGE_BUGREPORT ""
| #define PACKAGE "protobuf-c"
| #define VERSION "0.15"
| #define STDC_HEADERS 1
| #define HAVE_SYS_TYPES_H 1
| #define HAVE_SYS_STAT_H 1
| #define HAVE_STDLIB_H 1
| #define HAVE_STRING_H 1
| #define HAVE_MEMORY_H 1
| #define HAVE_STRINGS_H 1
| #define HAVE_INTTYPES_H 1
| #define HAVE_STDINT_H 1
| #define HAVE_UNISTD_H 1
| #define HAVE_DLFCN_H 1
| #define LT_OBJDIR ".libs/"
| #define HAVE_INTTYPES_H 1
| #define HAVE_SYS_POLL_H 1
| #define HAVE_SYS_SELECT_H 1
| #define HAVE_ALLOCA_H 1
| #define HAVE_MALLOC_H 1
| /* end confdefs.h.  */
| #include <stdio.h>
| #ifdef HAVE_SYS_TYPES_H
| # include <sys/types.h>
| #endif
| #ifdef HAVE_SYS_STAT_H
| # include <sys/stat.h>
| #endif
| #ifdef STDC_HEADERS
| # include <stdlib.h>
| # include <stddef.h>
| #else
| # ifdef HAVE_STDLIB_H
| #  include <stdlib.h>
| # endif
| #endif
| #ifdef HAVE_STRING_H
| # if !defined STDC_HEADERS && defined HAVE_MEMORY_H
| #  include <memory.h>
| # endif
| # include <string.h>
| #endif
| #ifdef HAVE_STRINGS_H
| # include <strings.h>
| #endif
| #ifdef HAVE_INTTYPES_H
| # include <inttypes.h>
| #endif
| #ifdef HAVE_STDINT_H
| # include <stdint.h>
| #endif
| #ifdef HAVE_UNISTD_H
| # include <unistd.h>
| #endif
| #include <winsock.h>
configure:15971: result: no
configure:15975: checking winsock.h presence
configure:15990: gcc -E  conftest.c
conftest.c:27:21: error: winsock.h: No such file or directory
configure:15997: $? = 1
configure: failed program was:
| /* confdefs.h.  */
| #define PACKAGE_NAME "protobuf-c"
| #define PACKAGE_TARNAME "protobuf-c"
| #define PACKAGE_VERSION "0.15"
| #define PACKAGE_STRING "protobuf-c 0.15"
| #define PACKAGE_BUGREPORT ""
| #define PACKAGE "protobuf-c"
| #define VERSION "0.15"
| #define STDC_HEADERS 1
| #define HAVE_SYS_TYPES_H 1
| #define HAVE_SYS_STAT_H 1
| #define HAVE_STDLIB_H 1
| #define HAVE_STRING_H 1
| #define HAVE_MEMORY_H 1
| #define HAVE_STRINGS_H 1
| #define HAVE_INTTYPES_H 1
| #define HAVE_STDINT_H 1
| #define HAVE_UNISTD_H 1
| #define HAVE_DLFCN_H 1
| #define LT_OBJDIR ".libs/"
| #define HAVE_INTTYPES_H 1
| #define HAVE_SYS_POLL_H 1
| #define HAVE_SYS_SELECT_H 1
| #define HAVE_ALLOCA_H 1
| #define HAVE_MALLOC_H 1
| /* end confdefs.h.  */
| #include <winsock.h>
configure:16011: result: no
configure:16039: checking for winsock.h
configure:16048: result: no
configure:16079: checking io.h usability
configure:16096: gcc -c -g -O2  conftest.c >&5
conftest.c:60:16: error: io.h: No such file or directory
configure:16103: $? = 1
configure: failed program was:
| /* confdefs.h.  */
| #define PACKAGE_NAME "protobuf-c"
| #define PACKAGE_TARNAME "protobuf-c"
| #define PACKAGE_VERSION "0.15"
| #define PACKAGE_STRING "protobuf-c 0.15"
| #define PACKAGE_BUGREPORT ""
| #define PACKAGE "protobuf-c"
| #define VERSION "0.15"
| #define STDC_HEADERS 1
| #define HAVE_SYS_TYPES_H 1
| #define HAVE_SYS_STAT_H 1
| #define HAVE_STDLIB_H 1
| #define HAVE_STRING_H 1
| #define HAVE_MEMORY_H 1
| #define HAVE_STRINGS_H 1
| #define HAVE_INTTYPES_H 1
| #define HAVE_STDINT_H 1
| #define HAVE_UNISTD_H 1
| #define HAVE_DLFCN_H 1
| #define LT_OBJDIR ".libs/"
| #define HAVE_INTTYPES_H 1
| #define HAVE_SYS_POLL_H 1
| #define HAVE_SYS_SELECT_H 1
| #define HAVE_ALLOCA_H 1
| #define HAVE_MALLOC_H 1
| /* end confdefs.h.  */
| #include <stdio.h>
| #ifdef HAVE_SYS_TYPES_H
| # include <sys/types.h>
| #endif
| #ifdef HAVE_SYS_STAT_H
| # include <sys/stat.h>
| #endif
| #ifdef STDC_HEADERS
| # include <stdlib.h>
| # include <stddef.h>
| #else
| # ifdef HAVE_STDLIB_H
| #  include <stdlib.h>
| # endif
| #endif
| #ifdef HAVE_STRING_H
| # if !defined STDC_HEADERS && defined HAVE_MEMORY_H
| #  include <memory.h>
| # endif
| # include <string.h>
| #endif
| #ifdef HAVE_STRINGS_H
| # include <strings.h>
| #endif
| #ifdef HAVE_INTTYPES_H
| # include <inttypes.h>
| #endif
| #ifdef HAVE_STDINT_H
| # include <stdint.h>
| #endif
| #ifdef HAVE_UNISTD_H
| # include <unistd.h>
| #endif
| #include <io.h>
configure:16117: result: no
configure:16121: checking io.h presence
configure:16136: gcc -E  conftest.c
conftest.c:27:16: error: io.h: No such file or directory
configure:16143: $? = 1
configure: failed program was:
| /* confdefs.h.  */
| #define PACKAGE_NAME "protobuf-c"
| #define PACKAGE_TARNAME "protobuf-c"
| #define PACKAGE_VERSION "0.15"
| #define PACKAGE_STRING "protobuf-c 0.15"
| #define PACKAGE_BUGREPORT ""
| #define PACKAGE "protobuf-c"
| #define VERSION "0.15"
| #define STDC_HEADERS 1
| #define HAVE_SYS_TYPES_H 1
| #define HAVE_SYS_STAT_H 1
| #define HAVE_STDLIB_H 1
| #define HAVE_STRING_H 1
| #define HAVE_MEMORY_H 1
| #define HAVE_STRINGS_H 1
| #define HAVE_INTTYPES_H 1
| #define HAVE_STDINT_H 1
| #define HAVE_UNISTD_H 1
| #define HAVE_DLFCN_H 1
| #define LT_OBJDIR ".libs/"
| #define HAVE_INTTYPES_H 1
| #define HAVE_SYS_POLL_H 1
| #define HAVE_SYS_SELECT_H 1
| #define HAVE_ALLOCA_H 1
| #define HAVE_MALLOC_H 1
| /* end confdefs.h.  */
| #include <io.h>
configure:16157: result: no
configure:16185: checking for io.h
configure:16194: result: no
configure:16225: checking sys/uio.h usability
configure:16242: gcc -c -g -O2  conftest.c >&5
configure:16249: $? = 0
configure:16263: result: yes
configure:16267: checking sys/uio.h presence
configure:16282: gcc -E  conftest.c
configure:16289: $? = 0
configure:16303: result: yes
configure:16331: checking for sys/uio.h
configure:16340: result: yes
configure:16360: checking for unistd.h
configure:16367: result: yes
configure:16538: checking google/protobuf/stubs/common.h usability
configure:16555: g++ -c -I/home/local/include  conftest.cpp >&5
configure:16562: $? = 0
configure:16576: result: yes
configure:16580: checking google/protobuf/stubs/common.h presence
configure:16595: g++ -E  conftest.cpp
conftest.cpp:29:42: error: google/protobuf/stubs/common.h: No such file or directory
configure:16602: $? = 1
configure: failed program was:
| /* confdefs.h.  */
| #define PACKAGE_NAME "protobuf-c"
| #define PACKAGE_TARNAME "protobuf-c"
| #define PACKAGE_VERSION "0.15"
| #define PACKAGE_STRING "protobuf-c 0.15"
| #define PACKAGE_BUGREPORT ""
| #define PACKAGE "protobuf-c"
| #define VERSION "0.15"
| #define STDC_HEADERS 1
| #define HAVE_SYS_TYPES_H 1
| #define HAVE_SYS_STAT_H 1
| #define HAVE_STDLIB_H 1
| #define HAVE_STRING_H 1
| #define HAVE_MEMORY_H 1
| #define HAVE_STRINGS_H 1
| #define HAVE_INTTYPES_H 1
| #define HAVE_STDINT_H 1
| #define HAVE_UNISTD_H 1
| #define HAVE_DLFCN_H 1
| #define LT_OBJDIR ".libs/"
| #define HAVE_INTTYPES_H 1
| #define HAVE_SYS_POLL_H 1
| #define HAVE_SYS_SELECT_H 1
| #define HAVE_ALLOCA_H 1
| #define HAVE_MALLOC_H 1
| #define HAVE_SYS_UIO_H 1
| #define HAVE_UNISTD_H 1
| /* end confdefs.h.  */
| #include <google/protobuf/stubs/common.h>
configure:16616: result: no
configure:16622: WARNING: google/protobuf/stubs/common.h: accepted by the compiler, rejected by the preprocessor!
configure:16624: WARNING: google/protobuf/stubs/common.h: proceeding with the compiler's result
configure:16644: checking for google/protobuf/stubs/common.h
configure:16651: result: yes
configure:16711: g++ -o conftest -I/home/local/include  -L/home/local/lib conftest.cpp  -lprotoc -lprotobuf -lpthread >&5
configure:16718: $? = 0
configure:16826: checking endian.h usability
configure:16843: gcc -c -g -O2  conftest.c >&5
configure:16850: $? = 0
configure:16864: result: yes
configure:16868: checking endian.h presence
configure:16883: gcc -E  conftest.c
configure:16890: $? = 0
configure:16904: result: yes
configure:16932: checking for endian.h
configure:16941: result: yes
configure:16982: gcc -c -g -O2  conftest.c >&5
conftest.c: In function 'main':
conftest.c:36: error: duplicate case value
conftest.c:35: error: previously used here
configure:16989: $? = 1
configure: failed program was:
| /* confdefs.h.  */
| #define PACKAGE_NAME "protobuf-c"
| #define PACKAGE_TARNAME "protobuf-c"
| #define PACKAGE_VERSION "0.15"
| #define PACKAGE_STRING "protobuf-c 0.15"
| #define PACKAGE_BUGREPORT ""
| #define PACKAGE "protobuf-c"
| #define VERSION "0.15"
| #define STDC_HEADERS 1
| #define HAVE_SYS_TYPES_H 1
| #define HAVE_SYS_STAT_H 1
| #define HAVE_STDLIB_H 1
| #define HAVE_STRING_H 1
| #define HAVE_MEMORY_H 1
| #define HAVE_STRINGS_H 1
| #define HAVE_INTTYPES_H 1
| #define HAVE_STDINT_H 1
| #define HAVE_UNISTD_H 1
| #define HAVE_DLFCN_H 1
| #define LT_OBJDIR ".libs/"
| #define HAVE_INTTYPES_H 1
| #define HAVE_SYS_POLL_H 1
| #define HAVE_SYS_SELECT_H 1
| #define HAVE_ALLOCA_H 1
| #define HAVE_MALLOC_H 1
| #define HAVE_SYS_UIO_H 1
| #define HAVE_UNISTD_H 1
| #define HAVE_ENDIAN_H 1
| /* end confdefs.h.  */
| #include <endian.h>
| int
| main ()
| {
| 
|       switch (1) { case __LITTLE_ENDIAN: break;
| 		   case __BYTE_ORDER: break; }
|   ;
|   return 0;
| }
configure:17646: creating ./config.status

## ---------------------- ##
## Running config.status. ##
## ---------------------- ##

This file was extended by protobuf-c config.status 0.15, which was
generated by GNU Autoconf 2.63.  Invocation command line was

  CONFIG_FILES    = 
  CONFIG_HEADERS  = 
  CONFIG_LINKS    = 
  CONFIG_COMMANDS = 
  $ ./config.status 

on NGFW

config.status:972: creating Makefile
config.status:972: creating src/Makefile
config.status:972: creating src/test/Makefile
config.status:972: creating pkgwriteinfo
config.status:972: creating libprotobuf-c.pc
config.status:1183: executing depfiles commands
config.status:1183: executing libtool commands

## ---------------- ##
## Cache variables. ##
## ---------------- ##

ac_cv_build=x86_64-unknown-linux-gnu
ac_cv_c_compiler_gnu=yes
ac_cv_cxx_compiler_gnu=yes
ac_cv_env_CCC_set=
ac_cv_env_CCC_value=
ac_cv_env_CC_set=
ac_cv_env_CC_value=
ac_cv_env_CFLAGS_set=
ac_cv_env_CFLAGS_value=
ac_cv_env_CPPFLAGS_set=
ac_cv_env_CPPFLAGS_value=
ac_cv_env_CPP_set=
ac_cv_env_CPP_value=
ac_cv_env_CXXCPP_set=
ac_cv_env_CXXCPP_value=
ac_cv_env_CXXFLAGS_set=set
ac_cv_env_CXXFLAGS_value=-I/home/local/include
ac_cv_env_CXX_set=
ac_cv_env_CXX_value=
ac_cv_env_LDFLAGS_set=set
ac_cv_env_LDFLAGS_value=-L/home/local/lib
ac_cv_env_LIBS_set=
ac_cv_env_LIBS_value=
ac_cv_env_build_alias_set=
ac_cv_env_build_alias_value=
ac_cv_env_host_alias_set=
ac_cv_env_host_alias_value=
ac_cv_env_target_alias_set=
ac_cv_env_target_alias_value=
ac_cv_header_alloca_h=yes
ac_cv_header_dlfcn_h=yes
ac_cv_header_endian_h=yes
ac_cv_header_google_protobuf_stubs_common_h=yes
ac_cv_header_inttypes_h=yes
ac_cv_header_io_h=no
ac_cv_header_malloc_h=yes
ac_cv_header_memory_h=yes
ac_cv_header_stdc=yes
ac_cv_header_stdint_h=yes
ac_cv_header_stdlib_h=yes
ac_cv_header_string_h=yes
ac_cv_header_strings_h=yes
ac_cv_header_sys_poll_h=yes
ac_cv_header_sys_select_h=yes
ac_cv_header_sys_stat_h=yes
ac_cv_header_sys_types_h=yes
ac_cv_header_sys_uio_h=yes
ac_cv_header_unistd_h=yes
ac_cv_header_winsock_h=no
ac_cv_host=x86_64-unknown-linux-gnu
ac_cv_objext=o
ac_cv_path_EGREP='/bin/grep -E'
ac_cv_path_FGREP='/bin/grep -F'
ac_cv_path_GREP=/bin/grep
ac_cv_path_PROTOC=/bin/protoc
ac_cv_path_SED=/bin/sed
ac_cv_path_install='/usr/bin/install -c'
ac_cv_path_mkdir=/bin/mkdir
ac_cv_prog_AWK=gawk
ac_cv_prog_CPP='gcc -E'
ac_cv_prog_CXXCPP='g++ -E'
ac_cv_prog_ac_ct_AR=ar
ac_cv_prog_ac_ct_CC=gcc
ac_cv_prog_ac_ct_CXX=g++
ac_cv_prog_ac_ct_OBJDUMP=objdump
ac_cv_prog_ac_ct_RANLIB=ranlib
ac_cv_prog_ac_ct_STRIP=strip
ac_cv_prog_cc_c89=
ac_cv_prog_cc_g=yes
ac_cv_prog_cxx_g=yes
ac_cv_prog_make_make_set=yes
am_cv_CC_dependencies_compiler_type=gcc3
am_cv_CXX_dependencies_compiler_type=gcc3
lt_cv_deplibs_check_method=pass_all
lt_cv_file_magic_cmd='$MAGIC_CMD'
lt_cv_file_magic_test_file=
lt_cv_ld_reload_flag=-r
lt_cv_nm_interface='BSD nm'
lt_cv_objdir=.libs
lt_cv_path_LD=/usr/bin/ld
lt_cv_path_LDCXX='/usr/bin/ld -m elf_x86_64'
lt_cv_path_NM='/usr/bin/nm -B'
lt_cv_prog_compiler_c_o=yes
lt_cv_prog_compiler_c_o_CXX=yes
lt_cv_prog_compiler_pic_works=yes
lt_cv_prog_compiler_pic_works_CXX=yes
lt_cv_prog_compiler_rtti_exceptions=no
lt_cv_prog_compiler_static_works=no
lt_cv_prog_compiler_static_works_CXX=no
lt_cv_prog_gnu_ld=yes
lt_cv_prog_gnu_ldcxx=yes
lt_cv_sys_global_symbol_pipe='sed -n -e '\''s/^.*[	 ]\([ABCDGIRSTW][ABCDGIRSTW]*\)[	 ][	 ]*\([_A-Za-z][_A-Za-z0-9]*\)$/\1 \2 \2/p'\'''
lt_cv_sys_global_symbol_to_c_name_address='sed -n -e '\''s/^: \([^ ]*\) $/  {\"\1\", (void *) 0},/p'\'' -e '\''s/^[ABCDGIRSTW]* \([^ ]*\) \([^ ]*\)$/  {"\2", (void *) \&\2},/p'\'''
lt_cv_sys_global_symbol_to_c_name_address_lib_prefix='sed -n -e '\''s/^: \([^ ]*\) $/  {\"\1\", (void *) 0},/p'\'' -e '\''s/^[ABCDGIRSTW]* \([^ ]*\) \(lib[^ ]*\)$/  {"\2", (void *) \&\2},/p'\'' -e '\''s/^[ABCDGIRSTW]* \([^ ]*\) \([^ ]*\)$/  {"lib\2", (void *) \&\2},/p'\'''
lt_cv_sys_global_symbol_to_cdecl='sed -n -e '\''s/^T .* \(.*\)$/extern int \1();/p'\'' -e '\''s/^[ABCDGIRSTW]* .* \(.*\)$/extern char \1;/p'\'''
lt_cv_sys_max_cmd_len=1966080

## ----------------- ##
## Output variables. ##
## ----------------- ##

ACLOCAL='${SHELL} /root/test/protobuf-c-0.15/missing --run aclocal-1.10'
AMDEPBACKSLASH='\'
AMDEP_FALSE='#'
AMDEP_TRUE=''
AMTAR='${SHELL} /root/test/protobuf-c-0.15/missing --run tar'
AR='ar'
AUTOCONF='${SHELL} /root/test/protobuf-c-0.15/missing --run autoconf'
AUTOHEADER='${SHELL} /root/test/protobuf-c-0.15/missing --run autoheader'
AUTOMAKE='${SHELL} /root/test/protobuf-c-0.15/missing --run automake-1.10'
AWK='gawk'
BUILD_PROTOC_C_FALSE='#'
BUILD_PROTOC_C_TRUE=''
CC='gcc'
CCDEPMODE='depmode=gcc3'
CFLAGS='-g -O2'
CPP='gcc -E'
CPPFLAGS=''
CXX='g++'
CXXCPP='g++ -E'
CXXDEPMODE='depmode=gcc3'
CXXFLAGS='-I/home/local/include'
CYGPATH_W='echo'
DEFS='-DPACKAGE_NAME=\"protobuf-c\" -DPACKAGE_TARNAME=\"protobuf-c\" -DPACKAGE_VERSION=\"0.15\" -DPACKAGE_STRING=\"protobuf-c\ 0.15\" -DPACKAGE_BUGREPORT=\"\" -DPACKAGE=\"protobuf-c\" -DVERSION=\"0.15\" -DSTDC_HEADERS=1 -DHAVE_SYS_TYPES_H=1 -DHAVE_SYS_STAT_H=1 -DHAVE_STDLIB_H=1 -DHAVE_STRING_H=1 -DHAVE_MEMORY_H=1 -DHAVE_STRINGS_H=1 -DHAVE_INTTYPES_H=1 -DHAVE_STDINT_H=1 -DHAVE_UNISTD_H=1 -DHAVE_DLFCN_H=1 -DLT_OBJDIR=\".libs/\" -DHAVE_INTTYPES_H=1 -DHAVE_SYS_POLL_H=1 -DHAVE_SYS_SELECT_H=1 -DHAVE_ALLOCA_H=1 -DHAVE_MALLOC_H=1 -DHAVE_SYS_UIO_H=1 -DHAVE_UNISTD_H=1 -DHAVE_ENDIAN_H=1 -DIS_LITTLE_ENDIAN=1'
DEPDIR='.deps'
DSYMUTIL=''
DUMPBIN=''
ECHO_C=''
ECHO_N='-n'
ECHO_T=''
EGREP='/bin/grep -E'
EXEEXT=''
FGREP='/bin/grep -F'
GREP='/bin/grep'
INSTALL_DATA='${INSTALL} -m 644'
INSTALL_PROGRAM='${INSTALL}'
INSTALL_SCRIPT='${INSTALL}'
INSTALL_STRIP_PROGRAM='$(install_sh) -c -s'
LD='/usr/bin/ld -m elf_x86_64'
LDFLAGS='-L/home/local/lib'
LIBOBJS=''
LIBS=''
LIBTOOL='$(SHELL) $(top_builddir)/libtool'
LIPO=''
LN_S='ln -s'
LTLIBOBJS=''
MAKEINFO='${SHELL} /root/test/protobuf-c-0.15/missing --run makeinfo'
MKDIR_P='/bin/mkdir -p'
NM='/usr/bin/nm -B'
NMEDIT=''
OBJDUMP='objdump'
OBJEXT='o'
OTOOL64=''
OTOOL=''
PACKAGE='protobuf-c'
PACKAGE_BUGREPORT=''
PACKAGE_NAME='protobuf-c'
PACKAGE_STRING='protobuf-c 0.15'
PACKAGE_TARNAME='protobuf-c'
PACKAGE_VERSION='0.15'
PATH_SEPARATOR=':'
PROTOC='/bin/protoc'
RANLIB='ranlib'
SED='/bin/sed'
SET_MAKE=''
SHELL='/bin/sh'
STRIP='strip'
VERSION='0.15'
ac_ct_CC='gcc'
ac_ct_CXX='g++'
ac_ct_DUMPBIN=''
am__fastdepCC_FALSE='#'
am__fastdepCC_TRUE=''
am__fastdepCXX_FALSE='#'
am__fastdepCXX_TRUE=''
am__include='include'
am__isrc=''
am__leading_dot='.'
am__quote=''
am__tar='${AMTAR} chof - "$$tardir"'
am__untar='${AMTAR} xf -'
bindir='${exec_prefix}/bin'
build='x86_64-unknown-linux-gnu'
build_alias=''
build_cpu='x86_64'
build_os='linux-gnu'
build_vendor='unknown'
datadir='${datarootdir}'
datarootdir='${prefix}/share'
docdir='${datarootdir}/doc/${PACKAGE_TARNAME}'
dvidir='${docdir}'
exec_prefix='${prefix}'
host='x86_64-unknown-linux-gnu'
host_alias=''
host_cpu='x86_64'
host_os='linux-gnu'
host_vendor='unknown'
htmldir='${docdir}'
includedir='${prefix}/include'
infodir='${datarootdir}/info'
install_sh='$(SHELL) /root/test/protobuf-c-0.15/install-sh'
libdir='${exec_prefix}/lib'
libexecdir='${exec_prefix}/libexec'
localedir='${datarootdir}/locale'
localstatedir='${prefix}/var'
lt_ECHO='echo'
mandir='${datarootdir}/man'
mkdir_p='/bin/mkdir -p'
oldincludedir='/usr/include'
pdfdir='${docdir}'
prefix='/usr/local'
program_transform_name='s,x,x,'
psdir='${docdir}'
sbindir='${exec_prefix}/sbin'
sharedstatedir='${prefix}/com'
sysconfdir='${prefix}/etc'
target_alias=''

## ----------- ##
## confdefs.h. ##
## ----------- ##

#define PACKAGE_NAME "protobuf-c"
#define PACKAGE_TARNAME "protobuf-c"
#define PACKAGE_VERSION "0.15"
#define PACKAGE_STRING "protobuf-c 0.15"
#define PACKAGE_BUGREPORT ""
#define PACKAGE "protobuf-c"
#define VERSION "0.15"
#define STDC_HEADERS 1
#define HAVE_SYS_TYPES_H 1
#define HAVE_SYS_STAT_H 1
#define HAVE_STDLIB_H 1
#define HAVE_STRING_H 1
#define HAVE_MEMORY_H 1
#define HAVE_STRINGS_H 1
#define HAVE_INTTYPES_H 1
#define HAVE_STDINT_H 1
#define HAVE_UNISTD_H 1
#define HAVE_DLFCN_H 1
#define LT_OBJDIR ".libs/"
#define HAVE_INTTYPES_H 1
#define HAVE_SYS_POLL_H 1
#define HAVE_SYS_SELECT_H 1
#define HAVE_ALLOCA_H 1
#define HAVE_MALLOC_H 1
#define HAVE_SYS_UIO_H 1
#define HAVE_UNISTD_H 1
#define HAVE_ENDIAN_H 1
#define IS_LITTLE_ENDIAN 1

configure: exit 0
